2024-02-27 06:15:32,756 ERROR: Exception on /reset_password_request [POST] [in C:\Users\User\Desktop\daveblog\venv\Lib\site-packages\flask\app.py:828]
Traceback (most recent call last):
  File "C:\Users\User\Desktop\daveblog\venv\Lib\site-packages\flask\app.py", line 1463, in wsgi_app
    response = self.full_dispatch_request()
               ^^^^^^^^^^^^^^^^^^^^^^^^^^^^
  File "C:\Users\User\Desktop\daveblog\venv\Lib\site-packages\flask\app.py", line 872, in full_dispatch_request
    rv = self.handle_user_exception(e)
         ^^^^^^^^^^^^^^^^^^^^^^^^^^^^^
  File "C:\Users\User\Desktop\daveblog\venv\Lib\site-packages\flask\app.py", line 870, in full_dispatch_request
    rv = self.dispatch_request()
         ^^^^^^^^^^^^^^^^^^^^^^^
  File "C:\Users\User\Desktop\daveblog\venv\Lib\site-packages\flask\app.py", line 855, in dispatch_request
    return self.ensure_sync(self.view_functions[rule.endpoint])(**view_args)  # type: ignore[no-any-return]
           ^^^^^^^^^^^^^^^^^^^^^^^^^^^^^^^^^^^^^^^^^^^^^^^^^^^^^^^^^^^^^^^^^
  File "C:\Users\User\Desktop\daveblog\app\routes.py", line 179, in reset_password_request
    send_password_reset_email(user)
  File "C:\Users\User\Desktop\daveblog\app\email.py", line 19, in send_password_reset_email
    html_body=render_template('email/reset_password.html',
              ^^^^^^^^^^^^^^^^^^^^^^^^^^^^^^^^^^^^^^^^^^^^
  File "C:\Users\User\Desktop\daveblog\venv\Lib\site-packages\flask\templating.py", line 150, in render_template
    return _render(app, template, context)
           ^^^^^^^^^^^^^^^^^^^^^^^^^^^^^^^
  File "C:\Users\User\Desktop\daveblog\venv\Lib\site-packages\flask\templating.py", line 131, in _render
    rv = template.render(context)
         ^^^^^^^^^^^^^^^^^^^^^^^^
  File "C:\Users\User\Desktop\daveblog\venv\Lib\site-packages\jinja2\environment.py", line 1301, in render
    self.environment.handle_exception()
  File "C:\Users\User\Desktop\daveblog\venv\Lib\site-packages\jinja2\environment.py", line 936, in handle_exception
    raise rewrite_traceback_stack(source=source)
  File "C:\Users\User\Desktop\daveblog\app\templates\email\reset_password.html", line 19, in top-level template code
    {% extends "base.html" %}
  File "C:\Users\User\Desktop\daveblog\app\templates\base.html", line 31, in top-level template code
    {% block content %}{% endblock %}
    ^^^^^^^^^^^^^^^^^^^^^^^^^
  File "C:\Users\User\Desktop\daveblog\app\templates\email\reset_password.html", line 24, in block 'content'
    {{ form.hidden_tag() }}
  File "C:\Users\User\Desktop\daveblog\venv\Lib\site-packages\jinja2\environment.py", line 485, in getattr
    return getattr(obj, attribute)
           ^^^^^^^^^^^^^^^^^^^^^^^
jinja2.exceptions.UndefinedError: 'form' is undefined
2024-02-27 06:39:10,544 INFO: Microblog startup [in C:\Users\User\Desktop\daveblog\app\__init__.py:49]
2024-02-27 07:01:52,287 INFO: Microblog startup [in C:\Users\User\Desktop\daveblog\app\__init__.py:49]
2024-02-27 07:03:23,863 INFO: Microblog startup [in C:\Users\User\Desktop\daveblog\app\__init__.py:49]
2024-02-27 07:14:43,032 INFO: Microblog startup [in C:\Users\User\Desktop\daveblog\app\__init__.py:49]
2024-02-27 07:25:08,898 INFO: Microblog startup [in C:\Users\User\Desktop\daveblog\app\__init__.py:49]
2024-02-27 07:42:50,678 INFO: Microblog startup [in C:\Users\User\Desktop\daveblog\app\__init__.py:49]
2024-02-27 08:04:01,083 INFO: Microblog startup [in C:\Users\User\Desktop\daveblog\app\__init__.py:51]
2024-02-27 08:40:55,342 INFO: Microblog startup [in C:\Users\User\Desktop\daveblog\app\__init__.py:55]
2024-02-27 08:49:14,760 INFO: Microblog startup [in C:\Users\User\Desktop\daveblog\app\__init__.py:55]
2024-02-27 08:52:11,928 INFO: Microblog startup [in C:\Users\User\Desktop\daveblog\app\__init__.py:55]
2024-02-27 08:53:54,895 INFO: Microblog startup [in C:\Users\User\Desktop\daveblog\app\__init__.py:55]
2024-02-27 08:59:48,352 INFO: Microblog startup [in C:\Users\User\Desktop\daveblog\app\__init__.py:55]
2024-02-27 09:07:53,331 INFO: Microblog startup [in C:\Users\User\Desktop\daveblog\app\__init__.py:55]
2024-02-27 10:43:26,251 INFO: Microblog startup [in C:\Users\User\Desktop\daveblog\app\__init__.py:55]
2024-02-27 10:45:33,713 INFO: Microblog startup [in C:\Users\User\Desktop\daveblog\app\__init__.py:55]
2024-03-05 07:25:14,305 INFO: Microblog startup [in C:\Users\User\Desktop\daveblog\app\__init__.py:79]
